<?xml version="1.0" encoding="UTF-8"?>
<!-- Generated by org.testng.reporters.JUnitXMLReporter -->
<testsuite ignored="0" hostname="DESKTOP-H41JRIE" failures="0" tests="6" name="Automation Tests" time="87.47" errors="0" timestamp="2025-06-05T11:23:42 IST">
  <testcase classname="com.nixonex.tests.RegisterTest" name="testUserRegistration" time="3.883"/>
  <testcase classname="com.nixonex.tests.LoginTest" name="testValidLogin" time="3.784"/>
  <testcase classname="com.nixonex.tests.ProductSearchTest" name="testBrowseAndSelectProduct" time="9.344"/>
  <testcase classname="com.nixonex.tests.AddToCartTest" name="testAddProductToCart" time="11.999"/>
  <testcase classname="com.nixonex.tests.CheckOutTest" name="testCheckoutProcess" time="15.911"/>
  <testcase classname="com.nixonex.tests.EndToEndTest" name="nixonnexEndToEndTest" time="24.162"/>
</testsuite> <!-- Automation Tests -->
