<?xml version="1.0" encoding="UTF-8"?>
<testng-results ignored="0" total="6" passed="6" failed="0" skipped="0">
  <reporter-output>
  </reporter-output>
  <suite started-at="2025-06-05T11:22:15 IST" name="Nixonex E-Commerce Test Suite" finished-at="2025-06-05T11:23:42 IST" duration-ms="87470">
    <groups>
    </groups>
    <test started-at="2025-06-05T11:22:15 IST" name="Automation Tests" finished-at="2025-06-05T11:23:42 IST" duration-ms="87470">
      <class name="com.nixonex.tests.CheckOutTest">
        <test-method is-config="true" signature="setUp()[pri:0, instance:com.nixonex.tests.CheckOutTest@506ae4d4]" started-at="2025-06-05T11:22:57 IST" name="setUp" finished-at="2025-06-05T11:22:59 IST" duration-ms="2810" status="PASS">
          <reporter-output>
          </reporter-output>
        </test-method> <!-- setUp -->
        <test-method signature="testCheckoutProcess()[pri:0, instance:com.nixonex.tests.CheckOutTest@506ae4d4]" started-at="2025-06-05T11:22:59 IST" name="testCheckoutProcess" finished-at="2025-06-05T11:23:15 IST" duration-ms="15911" status="PASS">
          <reporter-output>
          </reporter-output>
        </test-method> <!-- testCheckoutProcess -->
        <test-method is-config="true" signature="tearDown()[pri:0, instance:com.nixonex.tests.CheckOutTest@506ae4d4]" started-at="2025-06-05T11:23:15 IST" name="tearDown" finished-at="2025-06-05T11:23:16 IST" duration-ms="297" status="PASS">
          <reporter-output>
          </reporter-output>
        </test-method> <!-- tearDown -->
      </class> <!-- com.nixonex.tests.CheckOutTest -->
      <class name="com.nixonex.tests.ProductSearchTest">
        <test-method is-config="true" signature="setUp()[pri:0, instance:com.nixonex.tests.ProductSearchTest@13fd2ccd]" started-at="2025-06-05T11:22:29 IST" name="setUp" finished-at="2025-06-05T11:22:32 IST" duration-ms="2478" status="PASS">
          <reporter-output>
          </reporter-output>
        </test-method> <!-- setUp -->
        <test-method signature="testBrowseAndSelectProduct()[pri:0, instance:com.nixonex.tests.ProductSearchTest@13fd2ccd]" started-at="2025-06-05T11:22:32 IST" name="testBrowseAndSelectProduct" finished-at="2025-06-05T11:22:41 IST" duration-ms="9344" status="PASS">
          <reporter-output>
          </reporter-output>
        </test-method> <!-- testBrowseAndSelectProduct -->
        <test-method is-config="true" signature="tearDown()[pri:0, instance:com.nixonex.tests.ProductSearchTest@13fd2ccd]" started-at="2025-06-05T11:22:41 IST" name="tearDown" finished-at="2025-06-05T11:22:42 IST" duration-ms="294" status="PASS">
          <reporter-output>
          </reporter-output>
        </test-method> <!-- tearDown -->
      </class> <!-- com.nixonex.tests.ProductSearchTest -->
      <class name="com.nixonex.tests.AddToCartTest">
        <test-method is-config="true" signature="setUp()[pri:0, instance:com.nixonex.tests.AddToCartTest@b9b00e0]" started-at="2025-06-05T11:22:42 IST" name="setUp" finished-at="2025-06-05T11:22:44 IST" duration-ms="2653" status="PASS">
          <reporter-output>
          </reporter-output>
        </test-method> <!-- setUp -->
        <test-method signature="testAddProductToCart()[pri:0, instance:com.nixonex.tests.AddToCartTest@b9b00e0]" started-at="2025-06-05T11:22:44 IST" name="testAddProductToCart" finished-at="2025-06-05T11:22:56 IST" duration-ms="11999" status="PASS">
          <reporter-output>
          </reporter-output>
        </test-method> <!-- testAddProductToCart -->
        <test-method is-config="true" signature="tearDown()[pri:0, instance:com.nixonex.tests.AddToCartTest@b9b00e0]" started-at="2025-06-05T11:22:56 IST" name="tearDown" finished-at="2025-06-05T11:22:57 IST" duration-ms="293" status="PASS">
          <reporter-output>
          </reporter-output>
        </test-method> <!-- tearDown -->
      </class> <!-- com.nixonex.tests.AddToCartTest -->
      <class name="com.nixonex.tests.EndToEndTest">
        <test-method is-config="true" signature="setUp()[pri:0, instance:com.nixonex.tests.EndToEndTest@7d4f9aae]" started-at="2025-06-05T11:23:16 IST" name="setUp" finished-at="2025-06-05T11:23:18 IST" duration-ms="2401" status="PASS">
          <reporter-output>
          </reporter-output>
        </test-method> <!-- setUp -->
        <test-method signature="nixonnexEndToEndTest()[pri:0, instance:com.nixonex.tests.EndToEndTest@7d4f9aae]" started-at="2025-06-05T11:23:18 IST" name="nixonnexEndToEndTest" finished-at="2025-06-05T11:23:42 IST" duration-ms="24162" status="PASS">
          <reporter-output>
          </reporter-output>
        </test-method> <!-- nixonnexEndToEndTest -->
        <test-method is-config="true" signature="tearDown()[pri:0, instance:com.nixonex.tests.EndToEndTest@7d4f9aae]" started-at="2025-06-05T11:23:42 IST" name="tearDown" finished-at="2025-06-05T11:23:42 IST" duration-ms="290" status="PASS">
          <reporter-output>
          </reporter-output>
        </test-method> <!-- tearDown -->
      </class> <!-- com.nixonex.tests.EndToEndTest -->
      <class name="com.nixonex.tests.RegisterTest">
        <test-method is-config="true" signature="setUp()[pri:0, instance:com.nixonex.tests.RegisterTest@485966cc]" started-at="2025-06-05T11:22:15 IST" name="setUp" finished-at="2025-06-05T11:22:18 IST" duration-ms="3407" status="PASS">
          <reporter-output>
          </reporter-output>
        </test-method> <!-- setUp -->
        <test-method signature="testUserRegistration()[pri:0, instance:com.nixonex.tests.RegisterTest@485966cc]" started-at="2025-06-05T11:22:18 IST" name="testUserRegistration" finished-at="2025-06-05T11:22:22 IST" duration-ms="3883" status="PASS">
          <reporter-output>
          </reporter-output>
        </test-method> <!-- testUserRegistration -->
        <test-method is-config="true" signature="tearDown()[pri:0, instance:com.nixonex.tests.RegisterTest@485966cc]" started-at="2025-06-05T11:22:22 IST" name="tearDown" finished-at="2025-06-05T11:22:23 IST" duration-ms="364" status="PASS">
          <reporter-output>
          </reporter-output>
        </test-method> <!-- tearDown -->
      </class> <!-- com.nixonex.tests.RegisterTest -->
      <class name="com.nixonex.tests.LoginTest">
        <test-method is-config="true" signature="setUp()[pri:0, instance:com.nixonex.tests.LoginTest@48aca48b]" started-at="2025-06-05T11:22:23 IST" name="setUp" finished-at="2025-06-05T11:22:25 IST" duration-ms="2816" status="PASS">
          <reporter-output>
          </reporter-output>
        </test-method> <!-- setUp -->
        <test-method signature="testValidLogin()[pri:0, instance:com.nixonex.tests.LoginTest@48aca48b]" started-at="2025-06-05T11:22:25 IST" name="testValidLogin" finished-at="2025-06-05T11:22:29 IST" duration-ms="3784" status="PASS">
          <reporter-output>
          </reporter-output>
        </test-method> <!-- testValidLogin -->
        <test-method is-config="true" signature="tearDown()[pri:0, instance:com.nixonex.tests.LoginTest@48aca48b]" started-at="2025-06-05T11:22:29 IST" name="tearDown" finished-at="2025-06-05T11:22:29 IST" duration-ms="230" status="PASS">
          <reporter-output>
          </reporter-output>
        </test-method> <!-- tearDown -->
      </class> <!-- com.nixonex.tests.LoginTest -->
    </test> <!-- Automation Tests -->
  </suite> <!-- Nixonex E-Commerce Test Suite -->
</testng-results>
